#
# A fatal error has been detected by the Java Runtime Environment:
#
#  Internal Error (safepoint.cpp:310), pid=87960, tid=12547
#  guarantee(PageArmed == 0) failed: invariant
#
# JRE version: Java(TM) SE Runtime Environment (8.0_60-b27) (build 1.8.0_60-b27)
# Java VM: Java HotSpot(TM) 64-Bit Server VM (25.60-b23 mixed mode bsd-amd64 compressed oops)
# Failed to write core dump. Core dumps have been disabled. To enable core dumping, try "ulimit -c unlimited" before starting Java again
#
# If you would like to submit a bug report, please visit:
#   http://bugreport.java.com/bugreport/crash.jsp
#

---------------  T H R E A D  ---------------

Current thread (0x00007feffa014000):  VMThread [stack: 0x0000000126a60000,0x0000000126b60000] [id=12547]

Stack: [0x0000000126a60000,0x0000000126b60000],  sp=0x0000000126b5f910,  free space=1022k
Native frames: (J=compiled Java code, j=interpreted, Vv=VM code, C=native code)
V  [libjvm.dylib+0x5a6522]  VMError::report_and_die()+0x3f8
V  [libjvm.dylib+0x1e6843]  report_vm_error(char const*, int, char const*, char const*)+0x54
V  [libjvm.dylib+0x4d9c9c]  SafepointSynchronize::begin()+0x2be
V  [libjvm.dylib+0x5ac9a5]  VMThread::loop()+0x209
V  [libjvm.dylib+0x5ac3e3]  VMThread::run()+0x79
V  [libjvm.dylib+0x48343a]  java_start(Thread*)+0xf6
C  [libsystem_pthread.dylib+0x3268]  _pthread_body+0x83
C  [libsystem_pthread.dylib+0x31e5]  _pthread_body+0x0
C  [libsystem_pthread.dylib+0x141d]  thread_start+0xd


---------------  P R O C E S S  ---------------

Java Threads: ( => current thread )
  0x00007feffb03b800 JavaThread "Service Thread" daemon [_thread_blocked, id=20739, stack(0x0000000128b9d000,0x0000000128c9d000)]
  0x00007feffb038800 JavaThread "C1 CompilerThread3" daemon [_thread_blocked, id=20227, stack(0x0000000128a9a000,0x0000000128b9a000)]
  0x00007feffb038000 JavaThread "C2 CompilerThread2" daemon [_thread_blocked, id=19715, stack(0x0000000128997000,0x0000000128a97000)]
  0x00007feffb037000 JavaThread "C2 CompilerThread1" daemon [_thread_blocked, id=19203, stack(0x0000000128894000,0x0000000128994000)]
  0x00007feffb035800 JavaThread "C2 CompilerThread0" daemon [_thread_blocked, id=18691, stack(0x0000000128791000,0x0000000128891000)]
  0x00007feffb035000 JavaThread "Signal Dispatcher" daemon [_thread_blocked, id=18207, stack(0x000000012868e000,0x000000012878e000)]
  0x00007feffd001800 JavaThread "Finalizer" daemon [_thread_blocked, id=13571, stack(0x0000000126c66000,0x0000000126d66000)]
  0x00007feffb008000 JavaThread "Reference Handler" daemon [_thread_blocked, id=13059, stack(0x0000000126b63000,0x0000000126c63000)]
  0x00007feffa007000 JavaThread "main" [_thread_in_Java, id=4867, stack(0x00000001090b0000,0x00000001091b0000)]

Other Threads:
=>0x00007feffa014000 VMThread [stack: 0x0000000126a60000,0x0000000126b60000] [id=12547]
  0x00007feffb066000 WatcherThread [stack: 0x0000000128ca0000,0x0000000128da0000] [id=21251]

VM state:synchronizing (normal execution)

VM Mutex/Monitor currently owned by a thread:  ([mutex/lock_event])
[0x00007feff9e153f0] Safepoint_lock - owner thread: 0x00007feffa014000
[0x00007feff9e15470] Threads_lock - owner thread: 0x00007feffa014000

Heap:
 PSYoungGen      total 524288K, used 357619K [0x000000076ab00000, 0x000000079c200000, 0x00000007c0000000)
  eden space 523264K, 68% used [0x000000076ab00000,0x000000078083cff0,0x000000078aa00000)
  from space 1024K, 0% used [0x000000079c100000,0x000000079c100000,0x000000079c200000)
  to   space 143360K, 0% used [0x000000078aa00000,0x000000078aa00000,0x0000000793600000)
 ParOldGen       total 706048K, used 406639K [0x00000006c0000000, 0x00000006eb180000, 0x000000076ab00000)
  object space 706048K, 57% used [0x00000006c0000000,0x00000006d8d1bf00,0x00000006eb180000)
 Metaspace       used 2753K, capacity 4494K, committed 4864K, reserved 1056768K
  class space    used 292K, capacity 386K, committed 512K, reserved 1048576K

Card table byte_map: [0x000000011a552000,0x000000011ad53000] byte_map_base: 0x0000000116f52000

Marking Bits: (ParMarkBitMap*) 0x000000010aadee20
 Begin Bits: [0x000000011bac1000, 0x000000011fac1000)
 End Bits:   [0x000000011fac1000, 0x0000000123ac1000)

Polling page: 0x00000001091f5000

CodeCache: size=245760Kb used=1589Kb max_used=1608Kb free=244170Kb
 bounds [0x000000010b192000, 0x000000010b402000, 0x000000011a192000]
 total_blobs=423 nmethods=189 adapters=148
 compilation: enabled

Compilation events (10 events):
Event: 2051.234 Thread 0x00007feffb035800  186       4       java.lang.String::<init> (38 bytes)
Event: 2051.234 Thread 0x00007feffb037000 nmethod 184 0x000000010b312710 code [0x000000010b312880, 0x000000010b312be8]
Event: 2051.234 Thread 0x00007feffb037000  187       4       java.lang.String::checkBounds (46 bytes)
Event: 2051.235 Thread 0x00007feffb037000 nmethod 187 0x000000010b312410 code [0x000000010b312560, 0x000000010b312618]
Event: 2051.235 Thread 0x00007feffb037000  188   !   4       java.lang.StringCoding$StringDecoder::decode (179 bytes)
Event: 2051.237 Thread 0x00007feffb037000 nmethod 188 0x000000010b314210 code [0x000000010b314380, 0x000000010b314588]
Event: 2051.239 Thread 0x00007feffb038000 nmethod 185 0x000000010b31ead0 code [0x000000010b31ec80, 0x000000010b31f248]
Event: 2051.239 Thread 0x00007feffb035800 nmethod 186 0x000000010b30f610 code [0x000000010b30f7c0, 0x000000010b30fe68]
Event: 2051.249 Thread 0x00007feffb037000  189       4       java.io.IOException::<init> (6 bytes)
Event: 2051.251 Thread 0x00007feffb037000 nmethod 189 0x000000010b31e490 code [0x000000010b31e600, 0x000000010b31e968]

GC Heap History (10 events):
Event: 2047.933 GC heap before
{Heap before GC invocations=9 (full 1):
 PSYoungGen      total 304128K, used 230750K [0x000000076ab00000, 0x0000000794680000, 0x00000007c0000000)
  eden space 218624K, 66% used [0x000000076ab00000,0x00000007738ded90,0x0000000778080000)
  from space 85504K, 99% used [0x0000000778080000,0x000000077d3f8a98,0x000000077d400000)
  to   space 123392K, 0% used [0x000000078ce00000,0x000000078ce00000,0x0000000794680000)
 ParOldGen       total 260608K, used 180930K [0x00000006c0000000, 0x00000006cfe80000, 0x000000076ab00000)
  object space 260608K, 69% used [0x00000006c0000000,0x00000006cb0b0920,0x00000006cfe80000)
 Metaspace       used 2753K, capacity 4494K, committed 4864K, reserved 1056768K
  class space    used 292K, capacity 386K, committed 512K, reserved 1048576K
Event: 2048.032 GC heap after
Heap after GC invocations=9 (full 1):
 PSYoungGen      total 540160K, used 113282K [0x000000076ab00000, 0x0000000796d80000, 0x00000007c0000000)
  eden space 416768K, 0% used [0x000000076ab00000,0x000000076ab00000,0x0000000784200000)
  from space 123392K, 91% used [0x000000078ce00000,0x0000000793ca0a98,0x0000000794680000)
  to   space 143360K, 0% used [0x0000000784200000,0x0000000784200000,0x000000078ce00000)
 ParOldGen       total 260608K, used 180930K [0x00000006c0000000, 0x00000006cfe80000, 0x000000076ab00000)
  object space 260608K, 69% used [0x00000006c0000000,0x00000006cb0b0920,0x00000006cfe80000)
 Metaspace       used 2753K, capacity 4494K, committed 4864K, reserved 1056768K
  class space    used 292K, capacity 386K, committed 512K, reserved 1048576K
}
Event: 2048.291 GC heap before
{Heap before GC invocations=10 (full 1):
 PSYoungGen      total 540160K, used 530050K [0x000000076ab00000, 0x0000000796d80000, 0x00000007c0000000)
  eden space 416768K, 100% used [0x000000076ab00000,0x0000000784200000,0x0000000784200000)
  from space 123392K, 91% used [0x000000078ce00000,0x0000000793ca0a98,0x0000000794680000)
  to   space 143360K, 0% used [0x0000000784200000,0x0000000784200000,0x000000078ce00000)
 ParOldGen       total 260608K, used 180930K [0x00000006c0000000, 0x00000006cfe80000, 0x000000076ab00000)
  object space 260608K, 69% used [0x00000006c0000000,0x00000006cb0b0920,0x00000006cfe80000)
 Metaspace       used 2753K, capacity 4494K, committed 4864K, reserved 1056768K
  class space    used 292K, capacity 386K, committed 512K, reserved 1048576K
Event: 2048.400 GC heap after
Heap after GC invocations=10 (full 1):
 PSYoungGen      total 560128K, used 76418K [0x000000076ab00000, 0x00000007a4c00000, 0x00000007c0000000)
  eden space 416768K, 0% used [0x000000076ab00000,0x000000076ab00000,0x0000000784200000)
  from space 143360K, 53% used [0x0000000784200000,0x0000000788ca0a88,0x000000078ce00000)
  to   space 142336K, 0% used [0x000000079c100000,0x000000079c100000,0x00000007a4c00000)
 ParOldGen       total 408576K, used 328386K [0x00000006c0000000, 0x00000006d8f00000, 0x000000076ab00000)
  object space 408576K, 80% used [0x00000006c0000000,0x00000006d40b0930,0x00000006d8f00000)
 Metaspace       used 2753K, capacity 4494K, committed 4864K, reserved 1056768K
  class space    used 292K, capacity 386K, committed 512K, reserved 1048576K
}
Event: 2048.400 GC heap before
{Heap before GC invocations=11 (full 2):
 PSYoungGen      total 560128K, used 76418K [0x000000076ab00000, 0x00000007a4c00000, 0x00000007c0000000)
  eden space 416768K, 0% used [0x000000076ab00000,0x000000076ab00000,0x0000000784200000)
  from space 143360K, 53% used [0x0000000784200000,0x0000000788ca0a88,0x000000078ce00000)
  to   space 142336K, 0% used [0x000000079c100000,0x000000079c100000,0x00000007a4c00000)
 ParOldGen       total 408576K, used 328386K [0x00000006c0000000, 0x00000006d8f00000, 0x000000076ab00000)
  object space 408576K, 80% used [0x00000006c0000000,0x00000006d40b0930,0x00000006d8f00000)
 Metaspace       used 2753K, capacity 4494K, committed 4864K, reserved 1056768K
  class space    used 292K, capacity 386K, committed 512K, reserved 1048576K
Event: 2049.685 GC heap after
Heap after GC invocations=11 (full 2):
 PSYoungGen      total 560128K, used 0K [0x000000076ab00000, 0x00000007a4c00000, 0x00000007c0000000)
  eden space 416768K, 0% used [0x000000076ab00000,0x000000076ab00000,0x0000000784200000)
  from space 143360K, 0% used [0x0000000784200000,0x0000000784200000,0x000000078ce00000)
  to   space 142336K, 0% used [0x000000079c100000,0x000000079c100000,0x00000007a4c00000)
 ParOldGen       total 581632K, used 380483K [0x00000006c0000000, 0x00000006e3800000, 0x000000076ab00000)
  object space 581632K, 65% used [0x00000006c0000000,0x00000006d7390e80,0x00000006e3800000)
 Metaspace       used 2753K, capacity 4494K, committed 4864K, reserved 1056768K
  class space    used 292K, capacity 386K, committed 512K, reserved 1048576K
}
Event: 2050.088 GC heap before
{Heap before GC invocations=12 (full 2):
 PSYoungGen      total 560128K, used 412859K [0x000000076ab00000, 0x00000007a4c00000, 0x00000007c0000000)
  eden space 416768K, 99% used [0x000000076ab00000,0x0000000783e2ef58,0x0000000784200000)
  from space 143360K, 0% used [0x0000000784200000,0x0000000784200000,0x000000078ce00000)
  to   space 142336K, 0% used [0x000000079c100000,0x000000079c100000,0x00000007a4c00000)
 ParOldGen       total 877056K, used 675395K [0x00000006c0000000, 0x00000006f5880000, 0x000000076ab00000)
  object space 877056K, 77% used [0x00000006c0000000,0x00000006e9390e90,0x00000006f5880000)
 Metaspace       used 2753K, capacity 4494K, committed 4864K, reserved 1056768K
  class space    used 292K, capacity 386K, committed 512K, reserved 1048576K
Event: 2050.187 GC heap after
Heap after GC invocations=12 (full 2):
 PSYoungGen      total 524288K, used 32K [0x000000076ab00000, 0x000000079c200000, 0x00000007c0000000)
  eden space 523264K, 0% used [0x000000076ab00000,0x000000076ab00000,0x000000078aa00000)
  from space 1024K, 3% used [0x000000079c100000,0x000000079c108000,0x000000079c200000)
  to   space 143360K, 0% used [0x000000078aa00000,0x000000078aa00000,0x0000000793600000)
 ParOldGen       total 877056K, used 849007K [0x00000006c0000000, 0x00000006f5880000, 0x000000076ab00000)
  object space 877056K, 96% used [0x00000006c0000000,0x00000006f3d1bf40,0x00000006f5880000)
 Metaspace       used 2753K, capacity 4494K, committed 4864K, reserved 1056768K
  class space    used 292K, capacity 386K, committed 512K, reserved 1048576K
}
Event: 2050.187 GC heap before
{Heap before GC invocations=13 (full 3):
 PSYoungGen      total 524288K, used 32K [0x000000076ab00000, 0x000000079c200000, 0x00000007c0000000)
  eden space 523264K, 0% used [0x000000076ab00000,0x000000076ab00000,0x000000078aa00000)
  from space 1024K, 3% used [0x000000079c100000,0x000000079c108000,0x000000079c200000)
  to   space 143360K, 0% used [0x000000078aa00000,0x000000078aa00000,0x0000000793600000)
 ParOldGen       total 877056K, used 849007K [0x00000006c0000000, 0x00000006f5880000, 0x000000076ab00000)
  object space 877056K, 96% used [0x00000006c0000000,0x00000006f3d1bf40,0x00000006f5880000)
 Metaspace       used 2753K, capacity 4494K, committed 4864K, reserved 1056768K
  class space    used 292K, capacity 386K, committed 512K, reserved 1048576K
Event: 2051.037 GC heap after
Heap after GC invocations=13 (full 3):
 PSYoungGen      total 524288K, used 0K [0x000000076ab00000, 0x000000079c200000, 0x00000007c0000000)
  eden space 523264K, 0% used [0x000000076ab00000,0x000000076ab00000,0x000000078aa00000)
  from space 1024K, 0% used [0x000000079c100000,0x000000079c100000,0x000000079c200000)
  to   space 143360K, 0% used [0x000000078aa00000,0x000000078aa00000,0x0000000793600000)
 ParOldGen       total 706048K, used 406639K [0x00000006c0000000, 0x00000006eb180000, 0x000000076ab00000)
  object space 706048K, 57% used [0x00000006c0000000,0x00000006d8d1bf00,0x00000006eb180000)
 Metaspace       used 2753K, capacity 4494K, committed 4864K, reserved 1056768K
  class space    used 292K, capacity 386K, committed 512K, reserved 1048576K
}

Deoptimization events (1 events):
Event: 7.999 Thread 0x00007feffa007000 Uncommon trap: reason=unstable_if action=reinterpret pc=0x000000010b2c79a8 method=Utility.selectionSort(Ljava/util/List;)Ljava/util/List; @ 89

Internal exceptions (10 events):
Event: 2051.361 Thread 0x00007feffa007000 Exception <a 'java/io/IOException'> (0x00000007804f5040) thrown at [/Users/java_re/workspace/8-2-build-macosx-x86_64/jdk8u60/4407/hotspot/src/share/vm/prims/jni.cpp, line 709]
Event: 2051.361 Thread 0x00007feffa007000 Exception <a 'java/io/IOException'> (0x00000007804f52d8) thrown at [/Users/java_re/workspace/8-2-build-macosx-x86_64/jdk8u60/4407/hotspot/src/share/vm/prims/jni.cpp, line 709]
Event: 2051.361 Thread 0x00007feffa007000 Exception <a 'java/io/IOException'> (0x00000007804f5570) thrown at [/Users/java_re/workspace/8-2-build-macosx-x86_64/jdk8u60/4407/hotspot/src/share/vm/prims/jni.cpp, line 709]
Event: 2051.361 Thread 0x00007feffa007000 Exception <a 'java/io/IOException'> (0x00000007804f57d8) thrown at [/Users/java_re/workspace/8-2-build-macosx-x86_64/jdk8u60/4407/hotspot/src/share/vm/prims/jni.cpp, line 709]
Event: 2051.361 Thread 0x00007feffa007000 Exception <a 'java/io/IOException'> (0x00000007804f5a40) thrown at [/Users/java_re/workspace/8-2-build-macosx-x86_64/jdk8u60/4407/hotspot/src/share/vm/prims/jni.cpp, line 709]
Event: 2051.361 Thread 0x00007feffa007000 Exception <a 'java/io/IOException'> (0x00000007804f5cd8) thrown at [/Users/java_re/workspace/8-2-build-macosx-x86_64/jdk8u60/4407/hotspot/src/share/vm/prims/jni.cpp, line 709]
Event: 2051.361 Thread 0x00007feffa007000 Exception <a 'java/io/IOException'> (0x00000007804f5f40) thrown at [/Users/java_re/workspace/8-2-build-macosx-x86_64/jdk8u60/4407/hotspot/src/share/vm/prims/jni.cpp, line 709]
Event: 2051.361 Thread 0x00007feffa007000 Exception <a 'java/io/IOException'> (0x00000007804f61d8) thrown at [/Users/java_re/workspace/8-2-build-macosx-x86_64/jdk8u60/4407/hotspot/src/share/vm/prims/jni.cpp, line 709]
Event: 2051.361 Thread 0x00007feffa007000 Exception <a 'java/io/IOException'> (0x00000007804f6470) thrown at [/Users/java_re/workspace/8-2-build-macosx-x86_64/jdk8u60/4407/hotspot/src/share/vm/prims/jni.cpp, line 709]
Event: 2051.361 Thread 0x00007feffa007000 Exception <a 'java/io/IOException'> (0x00000007804f66d8) thrown at [/Users/java_re/workspace/8-2-build-macosx-x86_64/jdk8u60/4407/hotspot/src/share/vm/prims/jni.cpp, line 709]

Events (10 events):
Event: 2045.990 Executing VM operation: ParallelGCFailedAllocation
Event: 2047.535 Executing VM operation: ParallelGCFailedAllocation done
Event: 2047.712 Executing VM operation: ParallelGCFailedAllocation
Event: 2047.843 Executing VM operation: ParallelGCFailedAllocation done
Event: 2047.933 Executing VM operation: ParallelGCFailedAllocation
Event: 2048.032 Executing VM operation: ParallelGCFailedAllocation done
Event: 2048.291 Executing VM operation: ParallelGCFailedAllocation
Event: 2049.685 Executing VM operation: ParallelGCFailedAllocation done
Event: 2050.088 Executing VM operation: ParallelGCFailedAllocation
Event: 2051.037 Executing VM operation: ParallelGCFailedAllocation done


Dynamic libraries:
0x000000000c45b000 	/System/Library/Frameworks/Cocoa.framework/Versions/A/Cocoa
0x000000000c45b000 	/System/Library/Frameworks/Security.framework/Versions/A/Security
0x000000000c45b000 	/System/Library/Frameworks/ApplicationServices.framework/Versions/A/ApplicationServices
0x000000000c45b000 	/usr/lib/libz.1.dylib
0x000000000c45b000 	/usr/lib/libSystem.B.dylib
0x000000000c45b000 	/usr/lib/libobjc.A.dylib
0x000000000c45b000 	/System/Library/Frameworks/CoreFoundation.framework/Versions/A/CoreFoundation
0x000000000c45b000 	/System/Library/Frameworks/Foundation.framework/Versions/C/Foundation
0x000000000c45b000 	/System/Library/Frameworks/AppKit.framework/Versions/C/AppKit
0x000000000c45b000 	/System/Library/Frameworks/CoreData.framework/Versions/A/CoreData
0x000000000c45b000 	/System/Library/PrivateFrameworks/RemoteViewServices.framework/Versions/A/RemoteViewServices
0x000000000c45b000 	/System/Library/PrivateFrameworks/UIFoundation.framework/Versions/A/UIFoundation
0x000000000c45b000 	/System/Library/Frameworks/IOSurface.framework/Versions/A/IOSurface
0x000000000c45b000 	/System/Library/Frameworks/AudioToolbox.framework/Versions/A/AudioToolbox
0x000000000c45b000 	/System/Library/Frameworks/AudioUnit.framework/Versions/A/AudioUnit
0x000000000c45b000 	/System/Library/PrivateFrameworks/DataDetectorsCore.framework/Versions/A/DataDetectorsCore
0x000000000c45b000 	/System/Library/PrivateFrameworks/DesktopServicesPriv.framework/Versions/A/DesktopServicesPriv
0x000000000c45b000 	/System/Library/Frameworks/Carbon.framework/Versions/A/Frameworks/HIToolbox.framework/Versions/A/HIToolbox
0x000000000c45b000 	/System/Library/Frameworks/QuartzCore.framework/Versions/A/QuartzCore
0x000000000c45b000 	/System/Library/Frameworks/Carbon.framework/Versions/A/Frameworks/SpeechRecognition.framework/Versions/A/SpeechRecognition
0x000000000c45b000 	/usr/lib/libauto.dylib
0x000000000c45b000 	/usr/lib/libicucore.A.dylib
0x000000000c45b000 	/usr/lib/libxml2.2.dylib
0x000000000c45b000 	/System/Library/PrivateFrameworks/CoreUI.framework/Versions/A/CoreUI
0x000000000c45b000 	/System/Library/Frameworks/CoreAudio.framework/Versions/A/CoreAudio
0x000000000c45b000 	/System/Library/Frameworks/DiskArbitration.framework/Versions/A/DiskArbitration
0x000000000c45b000 	/usr/lib/liblangid.dylib
0x000000000c45b000 	/System/Library/PrivateFrameworks/MultitouchSupport.framework/Versions/A/MultitouchSupport
0x000000000c45b000 	/System/Library/Frameworks/IOKit.framework/Versions/A/IOKit
0x000000000c45b000 	/usr/lib/libDiagnosticMessagesClient.dylib
0x000000000c45b000 	/System/Library/Frameworks/CoreServices.framework/Versions/A/CoreServices
0x000000000c45b000 	/System/Library/PrivateFrameworks/PerformanceAnalysis.framework/Versions/A/PerformanceAnalysis
0x000000000c45b000 	/System/Library/PrivateFrameworks/GenerationalStorage.framework/Versions/A/GenerationalStorage
0x000000000c45b000 	/System/Library/Frameworks/OpenGL.framework/Versions/A/OpenGL
0x000000000c45b000 	/System/Library/PrivateFrameworks/Sharing.framework/Versions/A/Sharing
0x000000000c45b000 	/System/Library/Frameworks/CoreGraphics.framework/Versions/A/CoreGraphics
0x000000000c45b000 	/System/Library/Frameworks/CoreText.framework/Versions/A/CoreText
0x000000000c45b000 	/System/Library/Frameworks/ImageIO.framework/Versions/A/ImageIO
0x000000000c45b000 	/usr/lib/libextension.dylib
0x000000000c45b000 	/System/Library/PrivateFrameworks/Backup.framework/Versions/A/Backup
0x000000000c45b000 	/usr/lib/libarchive.2.dylib
0x000000000c45b000 	/System/Library/Frameworks/CFNetwork.framework/Versions/A/CFNetwork
0x000000000c45b000 	/System/Library/Frameworks/SystemConfiguration.framework/Versions/A/SystemConfiguration
0x000000000c45b000 	/usr/lib/libCRFSuite.dylib
0x000000000c45b000 	/usr/lib/libc++.1.dylib
0x000000000c45b000 	/usr/lib/libc++abi.dylib
0x000000000c45b000 	/usr/lib/system/libcache.dylib
0x000000000c45b000 	/usr/lib/system/libcommonCrypto.dylib
0x000000000c45b000 	/usr/lib/system/libcompiler_rt.dylib
0x000000000c45b000 	/usr/lib/system/libcopyfile.dylib
0x000000000c45b000 	/usr/lib/system/libcorecrypto.dylib
0x000000000c45b000 	/usr/lib/system/libdispatch.dylib
0x000000000c45b000 	/usr/lib/system/libdyld.dylib
0x000000000c45b000 	/usr/lib/system/libkeymgr.dylib
0x000000000c45b000 	/usr/lib/system/liblaunch.dylib
0x000000000c45b000 	/usr/lib/system/libmacho.dylib
0x000000000c45b000 	/usr/lib/system/libquarantine.dylib
0x000000000c45b000 	/usr/lib/system/libremovefile.dylib
0x000000000c45b000 	/usr/lib/system/libsystem_asl.dylib
0x000000000c45b000 	/usr/lib/system/libsystem_blocks.dylib
0x000000000c45b000 	/usr/lib/system/libsystem_c.dylib
0x000000000c45b000 	/usr/lib/system/libsystem_configuration.dylib
0x000000000c45b000 	/usr/lib/system/libsystem_coreservices.dylib
0x000000000c45b000 	/usr/lib/system/libsystem_coretls.dylib
0x000000000c45b000 	/usr/lib/system/libsystem_dnssd.dylib
0x000000000c45b000 	/usr/lib/system/libsystem_info.dylib
0x000000000c45b000 	/usr/lib/system/libsystem_kernel.dylib
0x000000000c45b000 	/usr/lib/system/libsystem_m.dylib
0x000000000c45b000 	/usr/lib/system/libsystem_malloc.dylib
0x000000000c45b000 	/usr/lib/system/libsystem_network.dylib
0x000000000c45b000 	/usr/lib/system/libsystem_networkextension.dylib
0x000000000c45b000 	/usr/lib/system/libsystem_notify.dylib
0x000000000c45b000 	/usr/lib/system/libsystem_platform.dylib
0x000000000c45b000 	/usr/lib/system/libsystem_pthread.dylib
0x000000000c45b000 	/usr/lib/system/libsystem_sandbox.dylib
0x000000000c45b000 	/usr/lib/system/libsystem_secinit.dylib
0x000000000c45b000 	/usr/lib/system/libsystem_stats.dylib
0x000000000c45b000 	/usr/lib/system/libsystem_trace.dylib
0x000000000c45b000 	/usr/lib/system/libunc.dylib
0x000000000c45b000 	/usr/lib/system/libunwind.dylib
0x000000000c45b000 	/usr/lib/system/libxpc.dylib
0x000000000c45b000 	/usr/lib/libbz2.1.0.dylib
0x000000000c45b000 	/usr/lib/liblzma.5.dylib
0x000000000c45b000 	/usr/lib/libbsm.0.dylib
0x000000000c45b000 	/usr/lib/libsqlite3.dylib
0x000000000c45b000 	/usr/lib/system/libkxld.dylib
0x000000000c45b000 	/usr/lib/libxar.1.dylib
0x000000000c45b000 	/usr/lib/libpam.2.dylib
0x000000000c45b000 	/usr/lib/libOpenScriptingUtil.dylib
0x000000000c45b000 	/System/Library/Frameworks/CoreServices.framework/Versions/A/Frameworks/FSEvents.framework/Versions/A/FSEvents
0x000000000c45b000 	/System/Library/Frameworks/CoreServices.framework/Versions/A/Frameworks/CarbonCore.framework/Versions/A/CarbonCore
0x000000000c45b000 	/System/Library/Frameworks/CoreServices.framework/Versions/A/Frameworks/Metadata.framework/Versions/A/Metadata
0x000000000c45b000 	/System/Library/Frameworks/CoreServices.framework/Versions/A/Frameworks/OSServices.framework/Versions/A/OSServices
0x000000000c45b000 	/System/Library/Frameworks/CoreServices.framework/Versions/A/Frameworks/SearchKit.framework/Versions/A/SearchKit
0x000000000c45b000 	/System/Library/Frameworks/CoreServices.framework/Versions/A/Frameworks/AE.framework/Versions/A/AE
0x000000000c45b000 	/System/Library/Frameworks/CoreServices.framework/Versions/A/Frameworks/LaunchServices.framework/Versions/A/LaunchServices
0x000000000c45b000 	/System/Library/Frameworks/CoreServices.framework/Versions/A/Frameworks/DictionaryServices.framework/Versions/A/DictionaryServices
0x000000000c45b000 	/System/Library/Frameworks/NetFS.framework/Versions/A/NetFS
0x000000000c45b000 	/System/Library/PrivateFrameworks/NetAuth.framework/Versions/A/NetAuth
0x000000000c45b000 	/System/Library/PrivateFrameworks/login.framework/Versions/A/Frameworks/loginsupport.framework/Versions/A/loginsupport
0x000000000c45b000 	/System/Library/PrivateFrameworks/TCC.framework/Versions/A/TCC
0x000000000c45b000 	/usr/lib/libmecabra.dylib
0x000000000c45b000 	/System/Library/Frameworks/ApplicationServices.framework/Versions/A/Frameworks/ATS.framework/Versions/A/ATS
0x000000000c45b000 	/System/Library/Frameworks/ApplicationServices.framework/Versions/A/Frameworks/ColorSync.framework/Versions/A/ColorSync
0x000000000c45b000 	/System/Library/Frameworks/ApplicationServices.framework/Versions/A/Frameworks/HIServices.framework/Versions/A/HIServices
0x000000000c45b000 	/System/Library/Frameworks/ApplicationServices.framework/Versions/A/Frameworks/LangAnalysis.framework/Versions/A/LangAnalysis
0x000000000c45b000 	/System/Library/Frameworks/ApplicationServices.framework/Versions/A/Frameworks/PrintCore.framework/Versions/A/PrintCore
0x000000000c45b000 	/System/Library/Frameworks/ApplicationServices.framework/Versions/A/Frameworks/QD.framework/Versions/A/QD
0x000000000c45b000 	/System/Library/Frameworks/ApplicationServices.framework/Versions/A/Frameworks/SpeechSynthesis.framework/Versions/A/SpeechSynthesis
0x000000000c45b000 	/System/Library/Frameworks/Accelerate.framework/Versions/A/Accelerate
0x000000000c45b000 	/System/Library/Frameworks/Accelerate.framework/Versions/A/Frameworks/vImage.framework/Versions/A/vImage
0x000000000c45b000 	/System/Library/Frameworks/Accelerate.framework/Versions/A/Frameworks/vecLib.framework/Versions/A/vecLib
0x000000000c45b000 	/System/Library/Frameworks/Accelerate.framework/Versions/A/Frameworks/vecLib.framework/Versions/A/libvDSP.dylib
0x000000000c45b000 	/System/Library/Frameworks/Accelerate.framework/Versions/A/Frameworks/vecLib.framework/Versions/A/libvMisc.dylib
0x000000000c45b000 	/System/Library/Frameworks/Accelerate.framework/Versions/A/Frameworks/vecLib.framework/Versions/A/libLAPACK.dylib
0x000000000c45b000 	/System/Library/Frameworks/Accelerate.framework/Versions/A/Frameworks/vecLib.framework/Versions/A/libBLAS.dylib
0x000000000c45b000 	/System/Library/Frameworks/Accelerate.framework/Versions/A/Frameworks/vecLib.framework/Versions/A/libLinearAlgebra.dylib
0x000000000c45b000 	/System/Library/Frameworks/ApplicationServices.framework/Versions/A/Frameworks/ATS.framework/Versions/A/Resources/libFontParser.dylib
0x000000000c45b000 	/System/Library/Frameworks/ApplicationServices.framework/Versions/A/Frameworks/ATS.framework/Versions/A/Resources/libFontRegistry.dylib
0x000000000c45b000 	/System/Library/PrivateFrameworks/AppleVPA.framework/Versions/A/AppleVPA
0x000000000c45b000 	/System/Library/PrivateFrameworks/AppleJPEG.framework/Versions/A/AppleJPEG
0x000000000c45b000 	/System/Library/Frameworks/ImageIO.framework/Versions/A/Resources/libJPEG.dylib
0x000000000c45b000 	/System/Library/Frameworks/ImageIO.framework/Versions/A/Resources/libTIFF.dylib
0x000000000c45b000 	/System/Library/Frameworks/ImageIO.framework/Versions/A/Resources/libPng.dylib
0x000000000c45b000 	/System/Library/Frameworks/ImageIO.framework/Versions/A/Resources/libGIF.dylib
0x000000000c45b000 	/System/Library/Frameworks/ImageIO.framework/Versions/A/Resources/libJP2.dylib
0x000000000c45b000 	/System/Library/Frameworks/ImageIO.framework/Versions/A/Resources/libRadiance.dylib
0x000000000c45b000 	/System/Library/Frameworks/CoreVideo.framework/Versions/A/CoreVideo
0x000000000c45b000 	/System/Library/Frameworks/OpenGL.framework/Versions/A/Libraries/libGLU.dylib
0x000000000c45b000 	/System/Library/Frameworks/OpenGL.framework/Versions/A/Libraries/libGFXShared.dylib
0x000000000c45b000 	/System/Library/Frameworks/OpenGL.framework/Versions/A/Libraries/libGL.dylib
0x000000000c45b000 	/System/Library/Frameworks/OpenGL.framework/Versions/A/Libraries/libGLImage.dylib
0x000000000c45b000 	/System/Library/Frameworks/OpenGL.framework/Versions/A/Libraries/libCVMSPluginSupport.dylib
0x000000000c45b000 	/System/Library/Frameworks/OpenGL.framework/Versions/A/Libraries/libCoreVMClient.dylib
0x000000000c45b000 	/usr/lib/libcups.2.dylib
0x000000000c45b000 	/System/Library/Frameworks/Kerberos.framework/Versions/A/Kerberos
0x000000000c45b000 	/System/Library/Frameworks/GSS.framework/Versions/A/GSS
0x000000000c45b000 	/usr/lib/libresolv.9.dylib
0x000000000c45b000 	/usr/lib/libiconv.2.dylib
0x000000000c45b000 	/System/Library/PrivateFrameworks/Heimdal.framework/Versions/A/Heimdal
0x000000000c45b000 	/usr/lib/libheimdal-asn1.dylib
0x000000000c45b000 	/System/Library/Frameworks/OpenDirectory.framework/Versions/A/OpenDirectory
0x000000000c45b000 	/System/Library/PrivateFrameworks/CommonAuth.framework/Versions/A/CommonAuth
0x000000000c45b000 	/System/Library/Frameworks/OpenDirectory.framework/Versions/A/Frameworks/CFOpenDirectory.framework/Versions/A/CFOpenDirectory
0x000000000c45b000 	/System/Library/Frameworks/SecurityFoundation.framework/Versions/A/SecurityFoundation
0x000000000c45b000 	/System/Library/PrivateFrameworks/LanguageModeling.framework/Versions/A/LanguageModeling
0x000000000c45b000 	/usr/lib/libcmph.dylib
0x000000000c45b000 	/System/Library/Frameworks/ServiceManagement.framework/Versions/A/ServiceManagement
0x000000000c45b000 	/usr/lib/libxslt.1.dylib
0x000000000c45b000 	/System/Library/Frameworks/Carbon.framework/Versions/A/Frameworks/Ink.framework/Versions/A/Ink
0x000000000c45b000 	/System/Library/Frameworks/QuartzCore.framework/Versions/A/Frameworks/CoreImage.framework/Versions/A/CoreImage
0x000000000c45b000 	/System/Library/PrivateFrameworks/CrashReporterSupport.framework/Versions/A/CrashReporterSupport
0x000000000c45b000 	/System/Library/Frameworks/OpenCL.framework/Versions/A/OpenCL
0x000000000c45b000 	/System/Library/PrivateFrameworks/FaceCore.framework/Versions/A/FaceCore
0x000000000c45b000 	/System/Library/PrivateFrameworks/Ubiquity.framework/Versions/A/Ubiquity
0x000000000c45b000 	/System/Library/PrivateFrameworks/IconServices.framework/Versions/A/IconServices
0x000000000c45b000 	/System/Library/PrivateFrameworks/ChunkingLibrary.framework/Versions/A/ChunkingLibrary
0x000000000c45b000 	/System/Library/PrivateFrameworks/Apple80211.framework/Versions/A/Apple80211
0x000000000c45b000 	/System/Library/Frameworks/CoreWLAN.framework/Versions/A/CoreWLAN
0x000000000c45b000 	/System/Library/Frameworks/IOBluetooth.framework/Versions/A/IOBluetooth
0x000000000c45b000 	/System/Library/PrivateFrameworks/CoreWiFi.framework/Versions/A/CoreWiFi
0x000000000c45b000 	/System/Library/Frameworks/CoreBluetooth.framework/Versions/A/CoreBluetooth
0x000000000c45b000 	/System/Library/PrivateFrameworks/DebugSymbols.framework/Versions/A/DebugSymbols
0x000000000c45b000 	/System/Library/PrivateFrameworks/CoreSymbolication.framework/Versions/A/CoreSymbolication
0x000000000c45b000 	/System/Library/PrivateFrameworks/Symbolication.framework/Versions/A/Symbolication
0x000000000c45b000 	/System/Library/PrivateFrameworks/SpeechRecognitionCore.framework/Versions/A/SpeechRecognitionCore
0x000000010a200000 	/Library/Java/JavaVirtualMachines/jdk1.8.0_60.jdk/Contents/Home/jre/lib/server/libjvm.dylib
0x000000000c45b000 	/usr/lib/libstdc++.6.dylib
0x00000001091b2000 	/Library/Java/JavaVirtualMachines/jdk1.8.0_60.jdk/Contents/Home/jre/lib/libverify.dylib
0x00000001091c0000 	/Library/Java/JavaVirtualMachines/jdk1.8.0_60.jdk/Contents/Home/jre/lib/libjava.dylib
0x000000010b189000 	/Library/Java/JavaVirtualMachines/jdk1.8.0_60.jdk/Contents/Home/jre/lib/libzip.dylib
0x0000000126d68000 	/System/Library/Frameworks/JavaVM.framework/Frameworks/JavaRuntimeSupport.framework/JavaRuntimeSupport
0x0000000126d83000 	/System/Library/Frameworks/JavaVM.framework/Versions/A/Frameworks/JavaNativeFoundation.framework/Versions/A/JavaNativeFoundation
0x0000000126d98000 	/System/Library/Frameworks/JavaVM.framework/Versions/A/JavaVM
0x000000000c45b000 	/System/Library/Frameworks/Carbon.framework/Versions/A/Carbon
0x0000000126da5000 	/System/Library/PrivateFrameworks/JavaLaunching.framework/Versions/A/JavaLaunching
0x000000000c45b000 	/System/Library/Frameworks/Carbon.framework/Versions/A/Frameworks/CommonPanels.framework/Versions/A/CommonPanels
0x000000000c45b000 	/System/Library/Frameworks/Carbon.framework/Versions/A/Frameworks/Help.framework/Versions/A/Help
0x000000000c45b000 	/System/Library/Frameworks/Carbon.framework/Versions/A/Frameworks/ImageCapture.framework/Versions/A/ImageCapture
0x000000000c45b000 	/System/Library/Frameworks/Carbon.framework/Versions/A/Frameworks/OpenScripting.framework/Versions/A/OpenScripting
0x000000000c45b000 	/System/Library/Frameworks/Carbon.framework/Versions/A/Frameworks/Print.framework/Versions/A/Print
0x000000000c45b000 	/System/Library/Frameworks/Carbon.framework/Versions/A/Frameworks/SecurityHI.framework/Versions/A/SecurityHI

VM Arguments:
jvm_args: -Dfile.encoding=UTF-8 
java_command: Test
java_class_path (initial): /Users/goose/Dropbox/Code/Java/workspace/CPS 240 Homework 1/bin
Launcher Type: SUN_STANDARD

Environment Variables:
PATH=/usr/bin:/bin:/usr/sbin:/sbin
SHELL=/bin/bash

Signal Handlers:
SIGSEGV: [libjvm.dylib+0x5a6d31], sa_mask[0]=11111111011111110111111111111111, sa_flags=SA_ONSTACK|SA_RESTART|SA_SIGINFO
SIGBUS: [libjvm.dylib+0x5a6d31], sa_mask[0]=11111111011111110111111111111111, sa_flags=SA_RESTART|SA_SIGINFO
SIGFPE: [libjvm.dylib+0x480a4c], sa_mask[0]=11111111011111110111111111111111, sa_flags=SA_RESTART|SA_SIGINFO
SIGPIPE: [libjvm.dylib+0x480a4c], sa_mask[0]=11111111011111110111111111111111, sa_flags=SA_RESTART|SA_SIGINFO
SIGXFSZ: [libjvm.dylib+0x480a4c], sa_mask[0]=11111111011111110111111111111111, sa_flags=SA_RESTART|SA_SIGINFO
SIGILL: [libjvm.dylib+0x480a4c], sa_mask[0]=11111111011111110111111111111111, sa_flags=SA_RESTART|SA_SIGINFO
SIGUSR1: SIG_DFL, sa_mask[0]=00000000000000000000000000000000, sa_flags=none
SIGUSR2: [libjvm.dylib+0x48056a], sa_mask[0]=00100000000000000000000000000000, sa_flags=SA_RESTART|SA_SIGINFO
SIGHUP: [libjvm.dylib+0x47eb41], sa_mask[0]=11111111011111110111111111111111, sa_flags=SA_RESTART|SA_SIGINFO
SIGINT: [libjvm.dylib+0x47eb41], sa_mask[0]=11111111011111110111111111111111, sa_flags=SA_RESTART|SA_SIGINFO
SIGTERM: [libjvm.dylib+0x47eb41], sa_mask[0]=11111111011111110111111111111111, sa_flags=SA_RESTART|SA_SIGINFO
SIGQUIT: [libjvm.dylib+0x47eb41], sa_mask[0]=11111111011111110111111111111111, sa_flags=SA_RESTART|SA_SIGINFO


---------------  S Y S T E M  ---------------

OS:Bsduname:Darwin 14.4.0 Darwin Kernel Version 14.4.0: Thu May 28 11:35:04 PDT 2015; root:xnu-2782.30.5~1/RELEASE_X86_64 x86_64
rlimit: STACK 8192k, CORE 0k, NPROC 709, NOFILE 10240, AS infinity
load average:4.29 3.89 3.14

CPU:total 8 (4 cores per cpu, 2 threads per core) family 6 model 58 stepping 9, cmov, cx8, fxsr, mmx, sse, sse2, sse3, ssse3, sse4.1, sse4.2, popcnt, avx, aes, clmul, erms, ht, tsc, tscinvbit, tscinv

Memory: 4k page, physical 16777216k(1028004k free)

/proc/meminfo:


vm_info: Java HotSpot(TM) 64-Bit Server VM (25.60-b23) for bsd-amd64 JRE (1.8.0_60-b27), built on Aug  4 2015 10:47:24 by "java_re" with gcc 4.2.1 (Based on Apple Inc. build 5658) (LLVM build 2336.11.00)

time: Mon Sep  7 17:30:03 2015
elapsed time: 2461 seconds (0d 0h 41m 1s)

